<?xml version="1.0" encoding="UTF-8"?>
<robot generator="Robot 7.4.2 (Python 3.14.2 on win32)" generated="2026-04-21T10:45:52.118130" rpa="false" schemaversion="5">
<suite id="s1" name="Diary Entry Test" source="C:\Users\alith\Documents\FE WEEK2\fe-week2\tests\diary_entry_test.robot">
<test id="s1-t1" name="Add Diary Entry Test" line="8">
<kw name="New Browser" owner="Browser">
<msg time="2026-04-21T10:45:52.696552" level="INFO">{"browser": "chromium", "headless": false, "chromiumSandbox": false, "devtools": false, "handleSIGHUP": true, "handleSIGINT": true, "handleSIGTERM": true, "slowMo": 0.0, "timeout": 30000.0, "tracesDir": "C:\\Users\\alith\\Documents\\FE WEEK2\\fe-week2\\outputs\\browser\\traces\\temp\\c0f9ed76-9f09-4b89-9a8f-fe962822377a"}</msg>
<msg time="2026-04-21T10:45:52.753879" level="INFO">Starting Browser process C:\Users\alith\AppData\Roaming\Python\Python314\site-packages\Browser\wrapper\index.js using at 127.0.0.1:59795</msg>
<msg time="2026-04-21T10:45:54.781735" level="INFO">Successfully created browser with options: {"browser":"chromium","headless":false,"chromiumSandbox":false,"devtools":false,"handleSIGHUP":true,"handleSIGINT":true,"handleSIGTERM":true,"slowMo":0,"timeout":30000,"tracesDir":"C:\\Users\\alith\\Documents\\FE WEEK2\\fe-week2\\outputs\\browser\\traces\\temp\\c0f9ed76-9f09-4b89-9a8f-fe962822377a"}</msg>
<arg>chromium</arg>
<arg>headless=False</arg>
<tag>BrowserControl</tag>
<tag>Setter</tag>
<doc>Create a new playwright Browser with specified options.</doc>
<status status="PASS" start="2026-04-21T10:45:52.694192" elapsed="2.088451"/>
</kw>
<kw name="New Page" owner="Browser">
<msg time="2026-04-21T10:45:57.125298" level="INFO">Successfully initialized new page object and opened url: http://127.0.0.1:5173/entries.html</msg>
<msg time="2026-04-21T10:45:57.125525" level="INFO">No context was open. New context was automatically opened when this page is created.</msg>
<arg>${URL}</arg>
<tag>BrowserControl</tag>
<tag>Setter</tag>
<doc>Open a new Page.</doc>
<status status="PASS" start="2026-04-21T10:45:54.792852" elapsed="2.333331"/>
</kw>
<kw name="Fill Text" owner="Browser">
<msg time="2026-04-21T10:45:57.129992" level="INFO">Fills the text '2026-01-01' in the given field.</msg>
<arg>id=entry-date</arg>
<arg>2026-01-01</arg>
<tag>PageContent</tag>
<tag>Setter</tag>
<doc>Clears and fills the given ``txt`` into the text field found by ``selector``.</doc>
<status status="PASS" start="2026-04-21T10:45:57.127795" elapsed="0.078205"/>
</kw>
<kw name="Fill Text" owner="Browser">
<msg time="2026-04-21T10:45:57.208754" level="INFO">Fills the text 'Robot test entry' in the given field.</msg>
<arg>id=entry-text</arg>
<arg>Robot test entry</arg>
<tag>PageContent</tag>
<tag>Setter</tag>
<doc>Clears and fills the given ``txt`` into the text field found by ``selector``.</doc>
<status status="PASS" start="2026-04-21T10:45:57.207084" elapsed="0.040058"/>
</kw>
<kw name="Click" owner="Browser">
<msg time="2026-04-21T10:45:57.249552" level="INFO">Clicks the element 'id=add-entry-btn'.</msg>
<arg>id=add-entry-btn</arg>
<tag>PageContent</tag>
<tag>Setter</tag>
<doc>Simulates mouse click on the element found by ``selector``.</doc>
<status status="PASS" start="2026-04-21T10:45:57.248004" elapsed="0.102884"/>
</kw>
<kw name="Get Text" owner="Browser">
<msg time="2026-04-21T10:45:57.416739" level="INFO">Text: '2024-01-12\nMood: Happy\nWeight: 78.5 kg\nSleep: 7 h\nGym day\n2024-01-13\nMood: Tired\nWeight: 78.2 kg\nSleep: 5.5 h\nLong day\n2024-01-14\nMood: Satisfied\nWeight: 78 kg\nSleep: 8 h\nGood sleep\n2026-01-01\nRobot test entry'</msg>
<arg>css=#cards-container</arg>
<arg>*=</arg>
<arg>Robot test entry</arg>
<tag>Assertion</tag>
<tag>Getter</tag>
<tag>PageContent</tag>
<doc>Returns text attribute of the element found by ``selector``.</doc>
<status status="PASS" start="2026-04-21T10:45:57.351745" elapsed="0.065144"/>
</kw>
<kw name="Close Browser" owner="Browser">
<msg time="2026-04-21T10:45:57.710978" level="INFO">Closed browser</msg>
<tag>BrowserControl</tag>
<tag>Setter</tag>
<doc>Closes the current browser.</doc>
<status status="PASS" start="2026-04-21T10:45:57.417300" elapsed="0.293884"/>
</kw>
<status status="PASS" start="2026-04-21T10:45:52.691984" elapsed="5.019667"/>
</test>
<status status="PASS" start="2026-04-21T10:45:52.121330" elapsed="5.604217"/>
</suite>
<statistics>
<total>
<stat pass="1" fail="0" skip="0">All Tests</stat>
</total>
<tag>
</tag>
<suite>
<stat name="Diary Entry Test" id="s1" pass="1" fail="0" skip="0">Diary Entry Test</stat>
</suite>
</statistics>
<errors>
</errors>
</robot>
